2013/12/23 22:00:37 [error] [exception.CHttpException.404] exception 'CHttpException' with message 'Запрашиваемый шаблон вида "index" не найден.' in Z:\home\eshop\framework\web\actions\CViewAction.php:112
Stack trace:
#0 Z:\home\eshop\framework\web\actions\CViewAction.php(123): CViewAction->resolveView('index')
#1 Z:\home\eshop\framework\web\actions\CAction.php(76): CViewAction->run()
#2 Z:\home\eshop\framework\web\CController.php(308): CAction->runWithParams(Array)
#3 Z:\home\eshop\framework\web\CController.php(286): CController->runAction(Object(CViewAction))
#4 Z:\home\eshop\framework\web\CController.php(265): CController->runActionWithFilters(Object(CViewAction), Array)
#5 Z:\home\eshop\framework\web\CWebApplication.php(282): CController->run('page')
#6 Z:\home\eshop\framework\web\CWebApplication.php(141): CWebApplication->runController('site/page')
#7 Z:\home\eshop\framework\base\CApplication.php(180): CWebApplication->processRequest()
#8 Z:\home\eshop\www\index.php(13): CApplication->run()
#9 {main}
REQUEST_URI=/site/page?view=about
HTTP_REFERER=http://eshop/site/contact
---
2013/12/23 22:00:47 [error] [exception.CHttpException.404] exception 'CHttpException' with message 'Запрашиваемый шаблон вида "index" не найден.' in Z:\home\eshop\framework\web\actions\CViewAction.php:112
Stack trace:
#0 Z:\home\eshop\framework\web\actions\CViewAction.php(123): CViewAction->resolveView('index')
#1 Z:\home\eshop\framework\web\actions\CAction.php(76): CViewAction->run()
#2 Z:\home\eshop\framework\web\CController.php(308): CAction->runWithParams(Array)
#3 Z:\home\eshop\framework\web\CController.php(286): CController->runAction(Object(CViewAction))
#4 Z:\home\eshop\framework\web\CController.php(265): CController->runActionWithFilters(Object(CViewAction), Array)
#5 Z:\home\eshop\framework\web\CWebApplication.php(282): CController->run('page')
#6 Z:\home\eshop\framework\web\CWebApplication.php(141): CWebApplication->runController('site/page')
#7 Z:\home\eshop\framework\base\CApplication.php(180): CWebApplication->processRequest()
#8 Z:\home\eshop\www\index.php(13): CApplication->run()
#9 {main}
REQUEST_URI=/site/page?view=about
HTTP_REFERER=http://eshop/site/login
---
2013/12/23 22:00:50 [error] [exception.CHttpException.404] exception 'CHttpException' with message 'Запрашиваемый шаблон вида "index" не найден.' in Z:\home\eshop\framework\web\actions\CViewAction.php:112
Stack trace:
#0 Z:\home\eshop\framework\web\actions\CViewAction.php(123): CViewAction->resolveView('index')
#1 Z:\home\eshop\framework\web\actions\CAction.php(76): CViewAction->run()
#2 Z:\home\eshop\framework\web\CController.php(308): CAction->runWithParams(Array)
#3 Z:\home\eshop\framework\web\CController.php(286): CController->runAction(Object(CViewAction))
#4 Z:\home\eshop\framework\web\CController.php(265): CController->runActionWithFilters(Object(CViewAction), Array)
#5 Z:\home\eshop\framework\web\CWebApplication.php(282): CController->run('page')
#6 Z:\home\eshop\framework\web\CWebApplication.php(141): CWebApplication->runController('site/page')
#7 Z:\home\eshop\framework\base\CApplication.php(180): CWebApplication->processRequest()
#8 Z:\home\eshop\www\index.php(13): CApplication->run()
#9 {main}
REQUEST_URI=/site/page?view=about
HTTP_REFERER=http://eshop/site/index
---
2013/12/23 22:01:13 [error] [exception.CHttpException.404] exception 'CHttpException' with message 'Запрашиваемый шаблон вида "index" не найден.' in Z:\home\eshop\framework\web\actions\CViewAction.php:112
Stack trace:
#0 Z:\home\eshop\framework\web\actions\CViewAction.php(123): CViewAction->resolveView('index')
#1 Z:\home\eshop\framework\web\actions\CAction.php(76): CViewAction->run()
#2 Z:\home\eshop\framework\web\CController.php(308): CAction->runWithParams(Array)
#3 Z:\home\eshop\framework\web\CController.php(286): CController->runAction(Object(CViewAction))
#4 Z:\home\eshop\framework\web\CController.php(265): CController->runActionWithFilters(Object(CViewAction), Array)
#5 Z:\home\eshop\framework\web\CWebApplication.php(282): CController->run('page')
#6 Z:\home\eshop\framework\web\CWebApplication.php(141): CWebApplication->runController('site/page')
#7 Z:\home\eshop\framework\base\CApplication.php(180): CWebApplication->processRequest()
#8 Z:\home\eshop\www\index.php(13): CApplication->run()
#9 {main}
REQUEST_URI=/site/page?view=about
HTTP_REFERER=http://eshop/site/index
---
2013/12/23 22:01:17 [error] [exception.CHttpException.404] exception 'CHttpException' with message 'Запрашиваемый шаблон вида "index" не найден.' in Z:\home\eshop\framework\web\actions\CViewAction.php:112
Stack trace:
#0 Z:\home\eshop\framework\web\actions\CViewAction.php(123): CViewAction->resolveView('index')
#1 Z:\home\eshop\framework\web\actions\CAction.php(76): CViewAction->run()
#2 Z:\home\eshop\framework\web\CController.php(308): CAction->runWithParams(Array)
#3 Z:\home\eshop\framework\web\CController.php(286): CController->runAction(Object(CViewAction))
#4 Z:\home\eshop\framework\web\CController.php(265): CController->runActionWithFilters(Object(CViewAction), Array)
#5 Z:\home\eshop\framework\web\CWebApplication.php(282): CController->run('page')
#6 Z:\home\eshop\framework\web\CWebApplication.php(141): CWebApplication->runController('site/page')
#7 Z:\home\eshop\framework\base\CApplication.php(180): CWebApplication->processRequest()
#8 Z:\home\eshop\www\index.php(13): CApplication->run()
#9 {main}
REQUEST_URI=/site/page?view=about
HTTP_REFERER=http://eshop/site/contact
---
2013/12/23 22:01:19 [error] [exception.CHttpException.404] exception 'CHttpException' with message 'Запрашиваемый шаблон вида "index" не найден.' in Z:\home\eshop\framework\web\actions\CViewAction.php:112
Stack trace:
#0 Z:\home\eshop\framework\web\actions\CViewAction.php(123): CViewAction->resolveView('index')
#1 Z:\home\eshop\framework\web\actions\CAction.php(76): CViewAction->run()
#2 Z:\home\eshop\framework\web\CController.php(308): CAction->runWithParams(Array)
#3 Z:\home\eshop\framework\web\CController.php(286): CController->runAction(Object(CViewAction))
#4 Z:\home\eshop\framework\web\CController.php(265): CController->runActionWithFilters(Object(CViewAction), Array)
#5 Z:\home\eshop\framework\web\CWebApplication.php(282): CController->run('page')
#6 Z:\home\eshop\framework\web\CWebApplication.php(141): CWebApplication->runController('site/page')
#7 Z:\home\eshop\framework\base\CApplication.php(180): CWebApplication->processRequest()
#8 Z:\home\eshop\www\index.php(13): CApplication->run()
#9 {main}
REQUEST_URI=/site/page?view=about
HTTP_REFERER=http://eshop/site/index
---
2013/12/25 12:35:44 [error] [exception.CHttpException.404] exception 'CHttpException' with message 'Невозможно обработать запрос "admin/index".' in Z:\home\eshop\framework\web\CWebApplication.php:286
Stack trace:
#0 Z:\home\eshop\framework\web\CWebApplication.php(141): CWebApplication->runController('admin/index')
#1 Z:\home\eshop\framework\base\CApplication.php(180): CWebApplication->processRequest()
#2 Z:\home\eshop\www\index.php(13): CApplication->run()
#3 {main}
REQUEST_URI=/admin/index
HTTP_REFERER=http://eshop/admin/
---
2013/12/25 12:41:16 [error] [exception.CHttpException.404] exception 'CHttpException' with message 'Невозможно обработать запрос "admin/setting".' in Z:\home\eshop\framework\web\CWebApplication.php:286
Stack trace:
#0 Z:\home\eshop\framework\web\CWebApplication.php(141): CWebApplication->runController('admin/setting')
#1 Z:\home\eshop\framework\base\CApplication.php(180): CWebApplication->processRequest()
#2 Z:\home\eshop\www\index.php(13): CApplication->run()
#3 {main}
REQUEST_URI=/admin/setting
HTTP_REFERER=http://eshop/admin/user
---
2013/12/25 12:41:36 [error] [exception.CHttpException.404] exception 'CHttpException' with message 'Невозможно обработать запрос "admin/order".' in Z:\home\eshop\framework\web\CWebApplication.php:286
Stack trace:
#0 Z:\home\eshop\framework\web\CWebApplication.php(141): CWebApplication->runController('admin/order')
#1 Z:\home\eshop\framework\base\CApplication.php(180): CWebApplication->processRequest()
#2 Z:\home\eshop\www\index.php(13): CApplication->run()
#3 {main}
REQUEST_URI=/admin/order
HTTP_REFERER=http://eshop/admin/user
---
2013/12/25 12:58:59 [error] [exception.CException] exception 'CException' with message 'Псевдоним "application.extensions.my.ckeditor.CKEditor" неверен. Убедитесь, что он указывает на существующий PHP файл.' in Z:\home\eshop\framework\YiiBase.php:322
Stack trace:
#0 Z:\home\eshop\framework\web\CWidgetFactory.php(146): YiiBase::import('application.ext...', true)
#1 Z:\home\eshop\framework\web\CBaseController.php(146): CWidgetFactory->createWidget(Object(CategoryController), 'application.ext...', Array)
#2 Z:\home\eshop\framework\web\CBaseController.php(172): CBaseController->createWidget('application.ext...', Array)
#3 Z:\home\eshop\www\protected\modules\admin\views\category\_form.php(53): CBaseController->widget('application.ext...', Array)
#4 Z:\home\eshop\framework\web\CBaseController.php(126): require('Z:\home\eshop\w...')
#5 Z:\home\eshop\framework\web\CBaseController.php(95): CBaseController->renderInternal('Z:\home\eshop\w...', Array, true)
#6 Z:\home\eshop\framework\web\CController.php(869): CBaseController->renderFile('Z:\home\eshop\w...', Array, true)
#7 Z:\home\eshop\www\protected\modules\admin\views\category\update.php(21): CController->renderPartial('_form', Array)
#8 Z:\home\eshop\framework\web\CBaseController.php(126): require('Z:\home\eshop\w...')
#9 Z:\home\eshop\framework\web\CBaseController.php(95): CBaseController->renderInternal('Z:\home\eshop\w...', Array, true)
#10 Z:\home\eshop\framework\web\CController.php(869): CBaseController->renderFile('Z:\home\eshop\w...', Array, true)
#11 Z:\home\eshop\framework\web\CController.php(782): CController->renderPartial('update', Array, true)
#12 Z:\home\eshop\www\protected\modules\admin\controllers\CategoryController.php(103): CController->render('update', Array)
#13 [internal function]: CategoryController->actionUpdate('1')
#14 Z:\home\eshop\framework\web\actions\CAction.php(108): ReflectionMethod->invokeArgs(Object(CategoryController), Array)
#15 Z:\home\eshop\framework\web\actions\CInlineAction.php(47): CAction->runWithParamsInternal(Object(CategoryController), Object(ReflectionMethod), Array)
#16 Z:\home\eshop\framework\web\CController.php(308): CInlineAction->runWithParams(Array)
#17 Z:\home\eshop\framework\web\filters\CFilterChain.php(133): CController->runAction(Object(CInlineAction))
#18 Z:\home\eshop\framework\web\filters\CFilter.php(40): CFilterChain->run()
#19 Z:\home\eshop\framework\web\CController.php(1145): CFilter->filter(Object(CFilterChain))
#20 Z:\home\eshop\framework\web\filters\CInlineFilter.php(58): CController->filterAccessControl(Object(CFilterChain))
#21 Z:\home\eshop\framework\web\filters\CFilterChain.php(130): CInlineFilter->filter(Object(CFilterChain))
#22 Z:\home\eshop\framework\web\CController.php(291): CFilterChain->run()
#23 Z:\home\eshop\framework\web\CController.php(265): CController->runActionWithFilters(Object(CInlineAction), Array)
#24 Z:\home\eshop\framework\web\CWebApplication.php(282): CController->run('update')
#25 Z:\home\eshop\framework\web\CWebApplication.php(141): CWebApplication->runController('admin/category/...')
#26 Z:\home\eshop\framework\base\CApplication.php(180): CWebApplication->processRequest()
#27 Z:\home\eshop\www\index.php(13): CApplication->run()
#28 {main}
REQUEST_URI=/admin/category/update/id/1
HTTP_REFERER=http://eshop/admin/category/admin
---
2013/12/25 12:59:31 [error] [exception.CHttpException.404] exception 'CHttpException' with message 'Невозможно обработать запрос "assets/b8a5ac11/contents.css".' in Z:\home\eshop\framework\web\CWebApplication.php:286
Stack trace:
#0 Z:\home\eshop\framework\web\CWebApplication.php(141): CWebApplication->runController('assets/b8a5ac11...')
#1 Z:\home\eshop\framework\base\CApplication.php(180): CWebApplication->processRequest()
#2 Z:\home\eshop\www\index.php(13): CApplication->run()
#3 {main}
REQUEST_URI=/assets/b8a5ac11/contents.css
---
2013/12/25 13:02:23 [error] [exception.CHttpException.404] exception 'CHttpException' with message 'Невозможно обработать запрос "assets/b8a5ac11/contents.css".' in Z:\home\eshop\framework\web\CWebApplication.php:286
Stack trace:
#0 Z:\home\eshop\framework\web\CWebApplication.php(141): CWebApplication->runController('assets/b8a5ac11...')
#1 Z:\home\eshop\framework\base\CApplication.php(180): CWebApplication->processRequest()
#2 Z:\home\eshop\www\index.php(13): CApplication->run()
#3 {main}
REQUEST_URI=/assets/b8a5ac11/contents.css
---
2013/12/25 13:02:53 [error] [exception.CHttpException.404] exception 'CHttpException' with message 'Невозможно обработать запрос "assets/b8a5ac11/contents.css".' in Z:\home\eshop\framework\web\CWebApplication.php:286
Stack trace:
#0 Z:\home\eshop\framework\web\CWebApplication.php(141): CWebApplication->runController('assets/b8a5ac11...')
#1 Z:\home\eshop\framework\base\CApplication.php(180): CWebApplication->processRequest()
#2 Z:\home\eshop\www\index.php(13): CApplication->run()
#3 {main}
REQUEST_URI=/assets/b8a5ac11/contents.css
---
2013/12/25 13:03:35 [error] [exception.CHttpException.404] exception 'CHttpException' with message 'Невозможно обработать запрос "assets/b8a5ac11/contents.css".' in Z:\home\eshop\framework\web\CWebApplication.php:286
Stack trace:
#0 Z:\home\eshop\framework\web\CWebApplication.php(141): CWebApplication->runController('assets/b8a5ac11...')
#1 Z:\home\eshop\framework\base\CApplication.php(180): CWebApplication->processRequest()
#2 Z:\home\eshop\www\index.php(13): CApplication->run()
#3 {main}
REQUEST_URI=/assets/b8a5ac11/contents.css
---
2013/12/25 13:33:06 [error] [exception.CHttpException.404] exception 'CHttpException' with message 'Невозможно обработать запрос "pattern1".' in Z:\home\eshop\framework\web\CWebApplication.php:286
Stack trace:
#0 Z:\home\eshop\framework\web\CWebApplication.php(141): CWebApplication->runController('pattern1')
#1 Z:\home\eshop\framework\base\CApplication.php(180): CWebApplication->processRequest()
#2 Z:\home\eshop\www\index.php(13): CApplication->run()
#3 {main}
REQUEST_URI=/pattern1
HTTP_REFERER=http://eshop/site/page?view=about
---
2013/12/25 13:34:45 [error] [exception.CHttpException.404] exception 'CHttpException' with message 'Невозможно обработать запрос "login".' in Z:\home\eshop\framework\web\CWebApplication.php:286
Stack trace:
#0 Z:\home\eshop\framework\web\CWebApplication.php(141): CWebApplication->runController('login')
#1 Z:\home\eshop\framework\base\CApplication.php(180): CWebApplication->processRequest()
#2 Z:\home\eshop\www\index.php(13): CApplication->run()
#3 {main}
REQUEST_URI=/login
HTTP_REFERER=http://eshop/site/page?view=about
---
2013/12/25 13:37:57 [error] [exception.CException] exception 'CException' with message 'Псевдоним "application.components.CarUrlRule" неверен. Убедитесь, что он указывает на существующий PHP файл.' in Z:\home\eshop\framework\YiiBase.php:322
Stack trace:
#0 Z:\home\eshop\framework\YiiBase.php(196): YiiBase::import('application.com...', true)
#1 Z:\home\eshop\framework\web\CUrlManager.php(369): YiiBase::createComponent(Array)
#2 Z:\home\eshop\framework\web\CWebApplication.php(140): CUrlManager->parseUrl(Object(CHttpRequest))
#3 Z:\home\eshop\framework\base\CApplication.php(180): CWebApplication->processRequest()
#4 Z:\home\eshop\www\index.php(13): CApplication->run()
#5 {main}
REQUEST_URI=/gii
---
2013/12/25 13:38:52 [error] [exception.CException] exception 'CException' with message 'Псевдоним "application.components.CategoryUrlRule" неверен. Убедитесь, что он указывает на существующий PHP файл.' in Z:\home\eshop\framework\YiiBase.php:322
Stack trace:
#0 Z:\home\eshop\framework\YiiBase.php(196): YiiBase::import('application.com...', true)
#1 Z:\home\eshop\framework\web\CUrlManager.php(369): YiiBase::createComponent(Array)
#2 Z:\home\eshop\framework\web\CWebApplication.php(140): CUrlManager->parseUrl(Object(CHttpRequest))
#3 Z:\home\eshop\framework\base\CApplication.php(180): CWebApplication->processRequest()
#4 Z:\home\eshop\www\index.php(13): CApplication->run()
#5 {main}
REQUEST_URI=/gii
---
2013/12/25 13:38:55 [error] [exception.CException] exception 'CException' with message 'Псевдоним "application.components.CategoryUrlRule" неверен. Убедитесь, что он указывает на существующий PHP файл.' in Z:\home\eshop\framework\YiiBase.php:322
Stack trace:
#0 Z:\home\eshop\framework\YiiBase.php(196): YiiBase::import('application.com...', true)
#1 Z:\home\eshop\framework\web\CUrlManager.php(369): YiiBase::createComponent(Array)
#2 Z:\home\eshop\framework\web\CWebApplication.php(140): CUrlManager->parseUrl(Object(CHttpRequest))
#3 Z:\home\eshop\framework\base\CApplication.php(180): CWebApplication->processRequest()
#4 Z:\home\eshop\www\index.php(13): CApplication->run()
#5 {main}
REQUEST_URI=/gii
---
2013/12/25 13:38:59 [error] [exception.CException] exception 'CException' with message 'Псевдоним "application.components.CategoryUrlRule" неверен. Убедитесь, что он указывает на существующий PHP файл.' in Z:\home\eshop\framework\YiiBase.php:322
Stack trace:
#0 Z:\home\eshop\framework\YiiBase.php(196): YiiBase::import('application.com...', true)
#1 Z:\home\eshop\framework\web\CUrlManager.php(369): YiiBase::createComponent(Array)
#2 Z:\home\eshop\framework\web\CWebApplication.php(140): CUrlManager->parseUrl(Object(CHttpRequest))
#3 Z:\home\eshop\framework\base\CApplication.php(180): CWebApplication->processRequest()
#4 Z:\home\eshop\www\index.php(13): CApplication->run()
#5 {main}
REQUEST_URI=/gii
---
2013/12/25 13:38:59 [error] [exception.CException] exception 'CException' with message 'Псевдоним "application.components.CategoryUrlRule" неверен. Убедитесь, что он указывает на существующий PHP файл.' in Z:\home\eshop\framework\YiiBase.php:322
Stack trace:
#0 Z:\home\eshop\framework\YiiBase.php(196): YiiBase::import('application.com...', true)
#1 Z:\home\eshop\framework\web\CUrlManager.php(369): YiiBase::createComponent(Array)
#2 Z:\home\eshop\framework\web\CWebApplication.php(140): CUrlManager->parseUrl(Object(CHttpRequest))
#3 Z:\home\eshop\framework\base\CApplication.php(180): CWebApplication->processRequest()
#4 Z:\home\eshop\www\index.php(13): CApplication->run()
#5 {main}
REQUEST_URI=/gii
---
2013/12/25 13:38:59 [error] [exception.CException] exception 'CException' with message 'Псевдоним "application.components.CategoryUrlRule" неверен. Убедитесь, что он указывает на существующий PHP файл.' in Z:\home\eshop\framework\YiiBase.php:322
Stack trace:
#0 Z:\home\eshop\framework\YiiBase.php(196): YiiBase::import('application.com...', true)
#1 Z:\home\eshop\framework\web\CUrlManager.php(369): YiiBase::createComponent(Array)
#2 Z:\home\eshop\framework\web\CWebApplication.php(140): CUrlManager->parseUrl(Object(CHttpRequest))
#3 Z:\home\eshop\framework\base\CApplication.php(180): CWebApplication->processRequest()
#4 Z:\home\eshop\www\index.php(13): CApplication->run()
#5 {main}
REQUEST_URI=/gii
---
2013/12/25 13:39:09 [error] [exception.CException] exception 'CException' with message 'Псевдоним "application.components.CategoryUrlRule" неверен. Убедитесь, что он указывает на существующий PHP файл.' in Z:\home\eshop\framework\YiiBase.php:322
Stack trace:
#0 Z:\home\eshop\framework\YiiBase.php(196): YiiBase::import('application.com...', true)
#1 Z:\home\eshop\framework\web\CUrlManager.php(369): YiiBase::createComponent(Array)
#2 Z:\home\eshop\framework\web\CWebApplication.php(140): CUrlManager->parseUrl(Object(CHttpRequest))
#3 Z:\home\eshop\framework\base\CApplication.php(180): CWebApplication->processRequest()
#4 Z:\home\eshop\www\index.php(13): CApplication->run()
#5 {main}
REQUEST_URI=/gii
---
2013/12/25 13:39:10 [error] [exception.CException] exception 'CException' with message 'Псевдоним "application.components.CategoryUrlRule" неверен. Убедитесь, что он указывает на существующий PHP файл.' in Z:\home\eshop\framework\YiiBase.php:322
Stack trace:
#0 Z:\home\eshop\framework\YiiBase.php(196): YiiBase::import('application.com...', true)
#1 Z:\home\eshop\framework\web\CUrlManager.php(369): YiiBase::createComponent(Array)
#2 Z:\home\eshop\framework\web\CWebApplication.php(140): CUrlManager->parseUrl(Object(CHttpRequest))
#3 Z:\home\eshop\framework\base\CApplication.php(180): CWebApplication->processRequest()
#4 Z:\home\eshop\www\index.php(13): CApplication->run()
#5 {main}
REQUEST_URI=/gii
---
2013/12/25 13:39:10 [error] [exception.CException] exception 'CException' with message 'Псевдоним "application.components.CategoryUrlRule" неверен. Убедитесь, что он указывает на существующий PHP файл.' in Z:\home\eshop\framework\YiiBase.php:322
Stack trace:
#0 Z:\home\eshop\framework\YiiBase.php(196): YiiBase::import('application.com...', true)
#1 Z:\home\eshop\framework\web\CUrlManager.php(369): YiiBase::createComponent(Array)
#2 Z:\home\eshop\framework\web\CWebApplication.php(140): CUrlManager->parseUrl(Object(CHttpRequest))
#3 Z:\home\eshop\framework\base\CApplication.php(180): CWebApplication->processRequest()
#4 Z:\home\eshop\www\index.php(13): CApplication->run()
#5 {main}
REQUEST_URI=/gii
---
2013/12/25 13:39:25 [error] [exception.CException] exception 'CException' with message 'Псевдоним "application.components.CategoryUrlRule" неверен. Убедитесь, что он указывает на существующий PHP файл.' in Z:\home\eshop\framework\YiiBase.php:322
Stack trace:
#0 Z:\home\eshop\framework\YiiBase.php(196): YiiBase::import('application.com...', true)
#1 Z:\home\eshop\framework\web\CUrlManager.php(369): YiiBase::createComponent(Array)
#2 Z:\home\eshop\framework\web\CWebApplication.php(140): CUrlManager->parseUrl(Object(CHttpRequest))
#3 Z:\home\eshop\framework\base\CApplication.php(180): CWebApplication->processRequest()
#4 Z:\home\eshop\www\index.php(13): CApplication->run()
#5 {main}
REQUEST_URI=/gii
---
2013/12/25 13:39:26 [error] [exception.CException] exception 'CException' with message 'Псевдоним "application.components.CategoryUrlRule" неверен. Убедитесь, что он указывает на существующий PHP файл.' in Z:\home\eshop\framework\YiiBase.php:322
Stack trace:
#0 Z:\home\eshop\framework\YiiBase.php(196): YiiBase::import('application.com...', true)
#1 Z:\home\eshop\framework\web\CUrlManager.php(369): YiiBase::createComponent(Array)
#2 Z:\home\eshop\framework\web\CWebApplication.php(140): CUrlManager->parseUrl(Object(CHttpRequest))
#3 Z:\home\eshop\framework\base\CApplication.php(180): CWebApplication->processRequest()
#4 Z:\home\eshop\www\index.php(13): CApplication->run()
#5 {main}
REQUEST_URI=/gii
---
2013/12/25 13:39:33 [error] [exception.CException] exception 'CException' with message 'Псевдоним "application.components.CategoryUrlRule" неверен. Убедитесь, что он указывает на существующий PHP файл.' in Z:\home\eshop\framework\YiiBase.php:322
Stack trace:
#0 Z:\home\eshop\framework\YiiBase.php(196): YiiBase::import('application.com...', true)
#1 Z:\home\eshop\framework\web\CUrlManager.php(369): YiiBase::createComponent(Array)
#2 Z:\home\eshop\framework\web\CWebApplication.php(140): CUrlManager->parseUrl(Object(CHttpRequest))
#3 Z:\home\eshop\framework\base\CApplication.php(180): CWebApplication->processRequest()
#4 Z:\home\eshop\www\index.php(13): CApplication->run()
#5 {main}
REQUEST_URI=/gii
---
2013/12/25 13:39:33 [error] [exception.CException] exception 'CException' with message 'Псевдоним "application.components.CategoryUrlRule" неверен. Убедитесь, что он указывает на существующий PHP файл.' in Z:\home\eshop\framework\YiiBase.php:322
Stack trace:
#0 Z:\home\eshop\framework\YiiBase.php(196): YiiBase::import('application.com...', true)
#1 Z:\home\eshop\framework\web\CUrlManager.php(369): YiiBase::createComponent(Array)
#2 Z:\home\eshop\framework\web\CWebApplication.php(140): CUrlManager->parseUrl(Object(CHttpRequest))
#3 Z:\home\eshop\framework\base\CApplication.php(180): CWebApplication->processRequest()
#4 Z:\home\eshop\www\index.php(13): CApplication->run()
#5 {main}
REQUEST_URI=/gii
---
2013/12/25 13:39:34 [error] [exception.CException] exception 'CException' with message 'Псевдоним "application.components.CategoryUrlRule" неверен. Убедитесь, что он указывает на существующий PHP файл.' in Z:\home\eshop\framework\YiiBase.php:322
Stack trace:
#0 Z:\home\eshop\framework\YiiBase.php(196): YiiBase::import('application.com...', true)
#1 Z:\home\eshop\framework\web\CUrlManager.php(369): YiiBase::createComponent(Array)
#2 Z:\home\eshop\framework\web\CWebApplication.php(140): CUrlManager->parseUrl(Object(CHttpRequest))
#3 Z:\home\eshop\framework\base\CApplication.php(180): CWebApplication->processRequest()
#4 Z:\home\eshop\www\index.php(13): CApplication->run()
#5 {main}
REQUEST_URI=/gii
---
2013/12/25 13:39:43 [error] [exception.CException] exception 'CException' with message 'Псевдоним "application.components.CategoryUrlRule" неверен. Убедитесь, что он указывает на существующий PHP файл.' in Z:\home\eshop\framework\YiiBase.php:322
Stack trace:
#0 Z:\home\eshop\framework\YiiBase.php(196): YiiBase::import('application.com...', true)
#1 Z:\home\eshop\framework\web\CUrlManager.php(369): YiiBase::createComponent(Array)
#2 Z:\home\eshop\framework\web\CWebApplication.php(140): CUrlManager->parseUrl(Object(CHttpRequest))
#3 Z:\home\eshop\framework\base\CApplication.php(180): CWebApplication->processRequest()
#4 Z:\home\eshop\www\index.php(13): CApplication->run()
#5 {main}
REQUEST_URI=/gii
---
2013/12/25 13:40:11 [error] [exception.CException] exception 'CException' with message 'Псевдоним "application.components.CategoryUrlRule" неверен. Убедитесь, что он указывает на существующий PHP файл.' in Z:\home\eshop\framework\YiiBase.php:322
Stack trace:
#0 Z:\home\eshop\framework\YiiBase.php(196): YiiBase::import('application.com...', true)
#1 Z:\home\eshop\framework\web\CUrlManager.php(369): YiiBase::createComponent(Array)
#2 Z:\home\eshop\framework\web\CWebApplication.php(140): CUrlManager->parseUrl(Object(CHttpRequest))
#3 Z:\home\eshop\framework\base\CApplication.php(180): CWebApplication->processRequest()
#4 Z:\home\eshop\www\index.php(13): CApplication->run()
#5 {main}
REQUEST_URI=/gii/default/login
---
2013/12/25 13:40:28 [error] [exception.CException] exception 'CException' with message 'Псевдоним "application.components.CategoryUrlRule" неверен. Убедитесь, что он указывает на существующий PHP файл.' in Z:\home\eshop\framework\YiiBase.php:322
Stack trace:
#0 Z:\home\eshop\framework\YiiBase.php(196): YiiBase::import('application.com...', true)
#1 Z:\home\eshop\framework\web\CUrlManager.php(369): YiiBase::createComponent(Array)
#2 Z:\home\eshop\framework\web\CWebApplication.php(140): CUrlManager->parseUrl(Object(CHttpRequest))
#3 Z:\home\eshop\framework\base\CApplication.php(180): CWebApplication->processRequest()
#4 Z:\home\eshop\www\index.php(13): CApplication->run()
#5 {main}
REQUEST_URI=/gii/default/login
---
2013/12/25 13:40:29 [error] [exception.CException] exception 'CException' with message 'Псевдоним "application.components.CategoryUrlRule" неверен. Убедитесь, что он указывает на существующий PHP файл.' in Z:\home\eshop\framework\YiiBase.php:322
Stack trace:
#0 Z:\home\eshop\framework\YiiBase.php(196): YiiBase::import('application.com...', true)
#1 Z:\home\eshop\framework\web\CUrlManager.php(369): YiiBase::createComponent(Array)
#2 Z:\home\eshop\framework\web\CWebApplication.php(140): CUrlManager->parseUrl(Object(CHttpRequest))
#3 Z:\home\eshop\framework\base\CApplication.php(180): CWebApplication->processRequest()
#4 Z:\home\eshop\www\index.php(13): CApplication->run()
#5 {main}
REQUEST_URI=/gii/default/login
---
2013/12/25 13:40:30 [error] [exception.CException] exception 'CException' with message 'Псевдоним "application.components.CategoryUrlRule" неверен. Убедитесь, что он указывает на существующий PHP файл.' in Z:\home\eshop\framework\YiiBase.php:322
Stack trace:
#0 Z:\home\eshop\framework\YiiBase.php(196): YiiBase::import('application.com...', true)
#1 Z:\home\eshop\framework\web\CUrlManager.php(369): YiiBase::createComponent(Array)
#2 Z:\home\eshop\framework\web\CWebApplication.php(140): CUrlManager->parseUrl(Object(CHttpRequest))
#3 Z:\home\eshop\framework\base\CApplication.php(180): CWebApplication->processRequest()
#4 Z:\home\eshop\www\index.php(13): CApplication->run()
#5 {main}
REQUEST_URI=/gii/default/login
---
2013/12/25 13:40:30 [error] [exception.CException] exception 'CException' with message 'Псевдоним "application.components.CategoryUrlRule" неверен. Убедитесь, что он указывает на существующий PHP файл.' in Z:\home\eshop\framework\YiiBase.php:322
Stack trace:
#0 Z:\home\eshop\framework\YiiBase.php(196): YiiBase::import('application.com...', true)
#1 Z:\home\eshop\framework\web\CUrlManager.php(369): YiiBase::createComponent(Array)
#2 Z:\home\eshop\framework\web\CWebApplication.php(140): CUrlManager->parseUrl(Object(CHttpRequest))
#3 Z:\home\eshop\framework\base\CApplication.php(180): CWebApplication->processRequest()
#4 Z:\home\eshop\www\index.php(13): CApplication->run()
#5 {main}
REQUEST_URI=/gii/default/login
---
2013/12/25 13:40:30 [error] [exception.CException] exception 'CException' with message 'Псевдоним "application.components.CategoryUrlRule" неверен. Убедитесь, что он указывает на существующий PHP файл.' in Z:\home\eshop\framework\YiiBase.php:322
Stack trace:
#0 Z:\home\eshop\framework\YiiBase.php(196): YiiBase::import('application.com...', true)
#1 Z:\home\eshop\framework\web\CUrlManager.php(369): YiiBase::createComponent(Array)
#2 Z:\home\eshop\framework\web\CWebApplication.php(140): CUrlManager->parseUrl(Object(CHttpRequest))
#3 Z:\home\eshop\framework\base\CApplication.php(180): CWebApplication->processRequest()
#4 Z:\home\eshop\www\index.php(13): CApplication->run()
#5 {main}
REQUEST_URI=/gii/default/login
---
2013/12/25 13:40:30 [error] [exception.CException] exception 'CException' with message 'Псевдоним "application.components.CategoryUrlRule" неверен. Убедитесь, что он указывает на существующий PHP файл.' in Z:\home\eshop\framework\YiiBase.php:322
Stack trace:
#0 Z:\home\eshop\framework\YiiBase.php(196): YiiBase::import('application.com...', true)
#1 Z:\home\eshop\framework\web\CUrlManager.php(369): YiiBase::createComponent(Array)
#2 Z:\home\eshop\framework\web\CWebApplication.php(140): CUrlManager->parseUrl(Object(CHttpRequest))
#3 Z:\home\eshop\framework\base\CApplication.php(180): CWebApplication->processRequest()
#4 Z:\home\eshop\www\index.php(13): CApplication->run()
#5 {main}
REQUEST_URI=/gii/default/login
---
2013/12/25 23:02:50 [error] [exception.CHttpException.400] exception 'CHttpException' with message 'Некорректный запрос.' in Z:\home\eshop\framework\web\CController.php:336
Stack trace:
#0 Z:\home\eshop\framework\web\CController.php(309): CController->invalidActionParams(Object(CInlineAction))
#1 Z:\home\eshop\framework\web\CController.php(286): CController->runAction(Object(CInlineAction))
#2 Z:\home\eshop\framework\web\CController.php(265): CController->runActionWithFilters(Object(CInlineAction), Array)
#3 Z:\home\eshop\framework\web\CWebApplication.php(282): CController->run('index')
#4 Z:\home\eshop\framework\web\CWebApplication.php(141): CWebApplication->runController('site/index')
#5 Z:\home\eshop\framework\base\CApplication.php(180): CWebApplication->processRequest()
#6 Z:\home\eshop\www\index.php(13): CApplication->run()
#7 {main}
REQUEST_URI=/
HTTP_REFERER=http://eshop/login
---
2013/12/25 23:02:56 [error] [exception.CHttpException.400] exception 'CHttpException' with message 'Некорректный запрос.' in Z:\home\eshop\framework\web\CController.php:336
Stack trace:
#0 Z:\home\eshop\framework\web\CController.php(309): CController->invalidActionParams(Object(CInlineAction))
#1 Z:\home\eshop\framework\web\CController.php(286): CController->runAction(Object(CInlineAction))
#2 Z:\home\eshop\framework\web\CController.php(265): CController->runActionWithFilters(Object(CInlineAction), Array)
#3 Z:\home\eshop\framework\web\CWebApplication.php(282): CController->run('index')
#4 Z:\home\eshop\framework\web\CWebApplication.php(141): CWebApplication->runController('site/index')
#5 Z:\home\eshop\framework\base\CApplication.php(180): CWebApplication->processRequest()
#6 Z:\home\eshop\www\index.php(13): CApplication->run()
#7 {main}
REQUEST_URI=/
HTTP_REFERER=http://eshop/login
---
2013/12/25 23:03:02 [error] [exception.CHttpException.404] exception 'CHttpException' with message 'Невозможно обработать запрос "qwe/asd".' in Z:\home\eshop\framework\web\CWebApplication.php:286
Stack trace:
#0 Z:\home\eshop\framework\web\CWebApplication.php(141): CWebApplication->runController('qwe/asd')
#1 Z:\home\eshop\framework\base\CApplication.php(180): CWebApplication->processRequest()
#2 Z:\home\eshop\www\index.php(13): CApplication->run()
#3 {main}
REQUEST_URI=/qwe/asd
---
2013/12/25 23:03:06 [error] [exception.CHttpException.404] exception 'CHttpException' with message 'Невозможно обработать запрос "qwe/asd".' in Z:\home\eshop\framework\web\CWebApplication.php:286
Stack trace:
#0 Z:\home\eshop\framework\web\CWebApplication.php(141): CWebApplication->runController('qwe/asd')
#1 Z:\home\eshop\framework\base\CApplication.php(180): CWebApplication->processRequest()
#2 Z:\home\eshop\www\index.php(13): CApplication->run()
#3 {main}
REQUEST_URI=/qwe/asd/
---
2013/12/25 23:03:10 [error] [exception.CHttpException.404] exception 'CHttpException' with message 'Невозможно обработать запрос "qwe/asd/qwe".' in Z:\home\eshop\framework\web\CWebApplication.php:286
Stack trace:
#0 Z:\home\eshop\framework\web\CWebApplication.php(141): CWebApplication->runController('qwe/asd/qwe')
#1 Z:\home\eshop\framework\base\CApplication.php(180): CWebApplication->processRequest()
#2 Z:\home\eshop\www\index.php(13): CApplication->run()
#3 {main}
REQUEST_URI=/qwe/asd/qwe
---
2013/12/25 23:09:32 [error] [exception.CHttpException.404] exception 'CHttpException' with message 'Невозможно обработать запрос "qwe/asd/qwe".' in Z:\home\eshop\framework\web\CWebApplication.php:286
Stack trace:
#0 Z:\home\eshop\framework\web\CWebApplication.php(141): CWebApplication->runController('qwe/asd/qwe')
#1 Z:\home\eshop\framework\base\CApplication.php(180): CWebApplication->processRequest()
#2 Z:\home\eshop\www\index.php(13): CApplication->run()
#3 {main}
REQUEST_URI=/qwe/asd/qwe
---
2013/12/25 23:09:34 [error] [exception.CHttpException.404] exception 'CHttpException' with message 'Невозможно обработать запрос "qwe/asd/qwe".' in Z:\home\eshop\framework\web\CWebApplication.php:286
Stack trace:
#0 Z:\home\eshop\framework\web\CWebApplication.php(141): CWebApplication->runController('qwe/asd/qwe')
#1 Z:\home\eshop\framework\base\CApplication.php(180): CWebApplication->processRequest()
#2 Z:\home\eshop\www\index.php(13): CApplication->run()
#3 {main}
REQUEST_URI=/qwe/asd/qwe
---
2013/12/25 23:09:34 [error] [exception.CHttpException.404] exception 'CHttpException' with message 'Невозможно обработать запрос "qwe/asd/qwe".' in Z:\home\eshop\framework\web\CWebApplication.php:286
Stack trace:
#0 Z:\home\eshop\framework\web\CWebApplication.php(141): CWebApplication->runController('qwe/asd/qwe')
#1 Z:\home\eshop\framework\base\CApplication.php(180): CWebApplication->processRequest()
#2 Z:\home\eshop\www\index.php(13): CApplication->run()
#3 {main}
REQUEST_URI=/qwe/asd/qwe
---
2013/12/25 23:09:38 [error] [exception.CHttpException.404] exception 'CHttpException' with message 'Невозможно обработать запрос "qwe/asd".' in Z:\home\eshop\framework\web\CWebApplication.php:286
Stack trace:
#0 Z:\home\eshop\framework\web\CWebApplication.php(141): CWebApplication->runController('qwe/asd')
#1 Z:\home\eshop\framework\base\CApplication.php(180): CWebApplication->processRequest()
#2 Z:\home\eshop\www\index.php(13): CApplication->run()
#3 {main}
REQUEST_URI=/qwe/asd/
---
2013/12/25 23:09:41 [error] [exception.CHttpException.404] exception 'CHttpException' with message 'Невозможно обработать запрос "qwe/asd".' in Z:\home\eshop\framework\web\CWebApplication.php:286
Stack trace:
#0 Z:\home\eshop\framework\web\CWebApplication.php(141): CWebApplication->runController('qwe/asd')
#1 Z:\home\eshop\framework\base\CApplication.php(180): CWebApplication->processRequest()
#2 Z:\home\eshop\www\index.php(13): CApplication->run()
#3 {main}
REQUEST_URI=/qwe/asd
---
2013/12/25 23:09:42 [error] [exception.CHttpException.404] exception 'CHttpException' with message 'Невозможно обработать запрос "qwe/asd".' in Z:\home\eshop\framework\web\CWebApplication.php:286
Stack trace:
#0 Z:\home\eshop\framework\web\CWebApplication.php(141): CWebApplication->runController('qwe/asd')
#1 Z:\home\eshop\framework\base\CApplication.php(180): CWebApplication->processRequest()
#2 Z:\home\eshop\www\index.php(13): CApplication->run()
#3 {main}
REQUEST_URI=/qwe/asd
---
2013/12/25 23:09:43 [error] [exception.CHttpException.404] exception 'CHttpException' with message 'Невозможно обработать запрос "qwe/asd".' in Z:\home\eshop\framework\web\CWebApplication.php:286
Stack trace:
#0 Z:\home\eshop\framework\web\CWebApplication.php(141): CWebApplication->runController('qwe/asd')
#1 Z:\home\eshop\framework\base\CApplication.php(180): CWebApplication->processRequest()
#2 Z:\home\eshop\www\index.php(13): CApplication->run()
#3 {main}
REQUEST_URI=/qwe/asd
---
2013/12/25 23:09:43 [error] [exception.CHttpException.404] exception 'CHttpException' with message 'Невозможно обработать запрос "qwe/asd".' in Z:\home\eshop\framework\web\CWebApplication.php:286
Stack trace:
#0 Z:\home\eshop\framework\web\CWebApplication.php(141): CWebApplication->runController('qwe/asd')
#1 Z:\home\eshop\framework\base\CApplication.php(180): CWebApplication->processRequest()
#2 Z:\home\eshop\www\index.php(13): CApplication->run()
#3 {main}
REQUEST_URI=/qwe/asd
---
2013/12/25 23:09:43 [error] [exception.CHttpException.404] exception 'CHttpException' with message 'Невозможно обработать запрос "qwe/asd".' in Z:\home\eshop\framework\web\CWebApplication.php:286
Stack trace:
#0 Z:\home\eshop\framework\web\CWebApplication.php(141): CWebApplication->runController('qwe/asd')
#1 Z:\home\eshop\framework\base\CApplication.php(180): CWebApplication->processRequest()
#2 Z:\home\eshop\www\index.php(13): CApplication->run()
#3 {main}
REQUEST_URI=/qwe/asd
---
2013/12/25 23:09:43 [error] [exception.CHttpException.404] exception 'CHttpException' with message 'Невозможно обработать запрос "qwe/asd".' in Z:\home\eshop\framework\web\CWebApplication.php:286
Stack trace:
#0 Z:\home\eshop\framework\web\CWebApplication.php(141): CWebApplication->runController('qwe/asd')
#1 Z:\home\eshop\framework\base\CApplication.php(180): CWebApplication->processRequest()
#2 Z:\home\eshop\www\index.php(13): CApplication->run()
#3 {main}
REQUEST_URI=/qwe/asd
---
2013/12/25 23:09:44 [error] [exception.CHttpException.404] exception 'CHttpException' with message 'Невозможно обработать запрос "qwe/asd".' in Z:\home\eshop\framework\web\CWebApplication.php:286
Stack trace:
#0 Z:\home\eshop\framework\web\CWebApplication.php(141): CWebApplication->runController('qwe/asd')
#1 Z:\home\eshop\framework\base\CApplication.php(180): CWebApplication->processRequest()
#2 Z:\home\eshop\www\index.php(13): CApplication->run()
#3 {main}
REQUEST_URI=/qwe/asd
---
2013/12/25 23:09:44 [error] [exception.CHttpException.404] exception 'CHttpException' with message 'Невозможно обработать запрос "qwe/asd".' in Z:\home\eshop\framework\web\CWebApplication.php:286
Stack trace:
#0 Z:\home\eshop\framework\web\CWebApplication.php(141): CWebApplication->runController('qwe/asd')
#1 Z:\home\eshop\framework\base\CApplication.php(180): CWebApplication->processRequest()
#2 Z:\home\eshop\www\index.php(13): CApplication->run()
#3 {main}
REQUEST_URI=/qwe/asd
---
2013/12/25 23:09:44 [error] [exception.CHttpException.404] exception 'CHttpException' with message 'Невозможно обработать запрос "qwe/asd".' in Z:\home\eshop\framework\web\CWebApplication.php:286
Stack trace:
#0 Z:\home\eshop\framework\web\CWebApplication.php(141): CWebApplication->runController('qwe/asd')
#1 Z:\home\eshop\framework\base\CApplication.php(180): CWebApplication->processRequest()
#2 Z:\home\eshop\www\index.php(13): CApplication->run()
#3 {main}
REQUEST_URI=/qwe/asd
---
2013/12/25 23:09:44 [error] [exception.CHttpException.404] exception 'CHttpException' with message 'Невозможно обработать запрос "qwe/asd".' in Z:\home\eshop\framework\web\CWebApplication.php:286
Stack trace:
#0 Z:\home\eshop\framework\web\CWebApplication.php(141): CWebApplication->runController('qwe/asd')
#1 Z:\home\eshop\framework\base\CApplication.php(180): CWebApplication->processRequest()
#2 Z:\home\eshop\www\index.php(13): CApplication->run()
#3 {main}
REQUEST_URI=/qwe/asd
---
2013/12/25 23:09:44 [error] [exception.CHttpException.404] exception 'CHttpException' with message 'Невозможно обработать запрос "qwe/asd".' in Z:\home\eshop\framework\web\CWebApplication.php:286
Stack trace:
#0 Z:\home\eshop\framework\web\CWebApplication.php(141): CWebApplication->runController('qwe/asd')
#1 Z:\home\eshop\framework\base\CApplication.php(180): CWebApplication->processRequest()
#2 Z:\home\eshop\www\index.php(13): CApplication->run()
#3 {main}
REQUEST_URI=/qwe/asd
---
2013/12/25 23:12:58 [error] [exception.CHttpException.404] exception 'CHttpException' with message 'Невозможно обработать запрос "qwe/asd/ert".' in Z:\home\eshop\framework\web\CWebApplication.php:286
Stack trace:
#0 Z:\home\eshop\framework\web\CWebApplication.php(141): CWebApplication->runController('qwe/asd/ert')
#1 Z:\home\eshop\framework\base\CApplication.php(180): CWebApplication->processRequest()
#2 Z:\home\eshop\www\index.php(13): CApplication->run()
#3 {main}
REQUEST_URI=/qwe/asd/ert
---
2013/12/25 23:13:08 [error] [exception.CHttpException.404] exception 'CHttpException' with message 'Невозможно обработать запрос "qwe/asd/ert/vbn".' in Z:\home\eshop\framework\web\CWebApplication.php:286
Stack trace:
#0 Z:\home\eshop\framework\web\CWebApplication.php(141): CWebApplication->runController('qwe/asd/ert/vbn')
#1 Z:\home\eshop\framework\base\CApplication.php(180): CWebApplication->processRequest()
#2 Z:\home\eshop\www\index.php(13): CApplication->run()
#3 {main}
REQUEST_URI=/qwe/asd/ert/vbn
---
2013/12/25 23:13:59 [error] [exception.CHttpException.404] exception 'CHttpException' with message 'Невозможно обработать запрос "qwe/asd/ert/vbn".' in Z:\home\eshop\framework\web\CWebApplication.php:286
Stack trace:
#0 Z:\home\eshop\framework\web\CWebApplication.php(141): CWebApplication->runController('qwe/asd/ert/vbn')
#1 Z:\home\eshop\framework\base\CApplication.php(180): CWebApplication->processRequest()
#2 Z:\home\eshop\www\index.php(13): CApplication->run()
#3 {main}
REQUEST_URI=/qwe/asd/ert/vbn
---
2013/12/25 23:14:00 [error] [exception.CHttpException.404] exception 'CHttpException' with message 'Невозможно обработать запрос "qwe/asd/ert/vbn".' in Z:\home\eshop\framework\web\CWebApplication.php:286
Stack trace:
#0 Z:\home\eshop\framework\web\CWebApplication.php(141): CWebApplication->runController('qwe/asd/ert/vbn')
#1 Z:\home\eshop\framework\base\CApplication.php(180): CWebApplication->processRequest()
#2 Z:\home\eshop\www\index.php(13): CApplication->run()
#3 {main}
REQUEST_URI=/qwe/asd/ert/vbn
---
2013/12/25 23:14:06 [error] [exception.CHttpException.400] exception 'CHttpException' with message 'Некорректный запрос.' in Z:\home\eshop\framework\web\CController.php:336
Stack trace:
#0 Z:\home\eshop\framework\web\CController.php(309): CController->invalidActionParams(Object(CInlineAction))
#1 Z:\home\eshop\framework\web\CController.php(286): CController->runAction(Object(CInlineAction))
#2 Z:\home\eshop\framework\web\CController.php(265): CController->runActionWithFilters(Object(CInlineAction), Array)
#3 Z:\home\eshop\framework\web\CWebApplication.php(282): CController->run('index')
#4 Z:\home\eshop\framework\web\CWebApplication.php(141): CWebApplication->runController('site/index')
#5 Z:\home\eshop\framework\base\CApplication.php(180): CWebApplication->processRequest()
#6 Z:\home\eshop\www\index.php(13): CApplication->run()
#7 {main}
REQUEST_URI=/qwe/asd/ert/vbn
---
2013/12/25 23:14:08 [error] [exception.CHttpException.400] exception 'CHttpException' with message 'Некорректный запрос.' in Z:\home\eshop\framework\web\CController.php:336
Stack trace:
#0 Z:\home\eshop\framework\web\CController.php(309): CController->invalidActionParams(Object(CInlineAction))
#1 Z:\home\eshop\framework\web\CController.php(286): CController->runAction(Object(CInlineAction))
#2 Z:\home\eshop\framework\web\CController.php(265): CController->runActionWithFilters(Object(CInlineAction), Array)
#3 Z:\home\eshop\framework\web\CWebApplication.php(282): CController->run('index')
#4 Z:\home\eshop\framework\web\CWebApplication.php(141): CWebApplication->runController('site/index')
#5 Z:\home\eshop\framework\base\CApplication.php(180): CWebApplication->processRequest()
#6 Z:\home\eshop\www\index.php(13): CApplication->run()
#7 {main}
REQUEST_URI=/qwe/asd/ert/vbn
---
2013/12/25 23:14:18 [error] [exception.CHttpException.400] exception 'CHttpException' with message 'Некорректный запрос.' in Z:\home\eshop\framework\web\CController.php:336
Stack trace:
#0 Z:\home\eshop\framework\web\CController.php(309): CController->invalidActionParams(Object(CInlineAction))
#1 Z:\home\eshop\framework\web\CController.php(286): CController->runAction(Object(CInlineAction))
#2 Z:\home\eshop\framework\web\CController.php(265): CController->runActionWithFilters(Object(CInlineAction), Array)
#3 Z:\home\eshop\framework\web\CWebApplication.php(282): CController->run('index')
#4 Z:\home\eshop\framework\web\CWebApplication.php(141): CWebApplication->runController('site/index')
#5 Z:\home\eshop\framework\base\CApplication.php(180): CWebApplication->processRequest()
#6 Z:\home\eshop\www\index.php(13): CApplication->run()
#7 {main}
REQUEST_URI=/qwe/asd/ert/vbn
---
2013/12/25 23:14:33 [error] [exception.CHttpException.400] exception 'CHttpException' with message 'Некорректный запрос.' in Z:\home\eshop\framework\web\CController.php:336
Stack trace:
#0 Z:\home\eshop\framework\web\CController.php(309): CController->invalidActionParams(Object(CInlineAction))
#1 Z:\home\eshop\framework\web\CController.php(286): CController->runAction(Object(CInlineAction))
#2 Z:\home\eshop\framework\web\CController.php(265): CController->runActionWithFilters(Object(CInlineAction), Array)
#3 Z:\home\eshop\framework\web\CWebApplication.php(282): CController->run('index')
#4 Z:\home\eshop\framework\web\CWebApplication.php(141): CWebApplication->runController('site/index')
#5 Z:\home\eshop\framework\base\CApplication.php(180): CWebApplication->processRequest()
#6 Z:\home\eshop\www\index.php(13): CApplication->run()
#7 {main}
REQUEST_URI=/qwe/asd/ert/vbn
---
2013/12/25 23:14:35 [error] [exception.CHttpException.400] exception 'CHttpException' with message 'Некорректный запрос.' in Z:\home\eshop\framework\web\CController.php:336
Stack trace:
#0 Z:\home\eshop\framework\web\CController.php(309): CController->invalidActionParams(Object(CInlineAction))
#1 Z:\home\eshop\framework\web\CController.php(286): CController->runAction(Object(CInlineAction))
#2 Z:\home\eshop\framework\web\CController.php(265): CController->runActionWithFilters(Object(CInlineAction), Array)
#3 Z:\home\eshop\framework\web\CWebApplication.php(282): CController->run('index')
#4 Z:\home\eshop\framework\web\CWebApplication.php(141): CWebApplication->runController('site/index')
#5 Z:\home\eshop\framework\base\CApplication.php(180): CWebApplication->processRequest()
#6 Z:\home\eshop\www\index.php(13): CApplication->run()
#7 {main}
REQUEST_URI=/qwe/asd/ert/vbn
---
2013/12/25 23:14:36 [error] [exception.CHttpException.400] exception 'CHttpException' with message 'Некорректный запрос.' in Z:\home\eshop\framework\web\CController.php:336
Stack trace:
#0 Z:\home\eshop\framework\web\CController.php(309): CController->invalidActionParams(Object(CInlineAction))
#1 Z:\home\eshop\framework\web\CController.php(286): CController->runAction(Object(CInlineAction))
#2 Z:\home\eshop\framework\web\CController.php(265): CController->runActionWithFilters(Object(CInlineAction), Array)
#3 Z:\home\eshop\framework\web\CWebApplication.php(282): CController->run('index')
#4 Z:\home\eshop\framework\web\CWebApplication.php(141): CWebApplication->runController('site/index')
#5 Z:\home\eshop\framework\base\CApplication.php(180): CWebApplication->processRequest()
#6 Z:\home\eshop\www\index.php(13): CApplication->run()
#7 {main}
REQUEST_URI=/qwe/asd/ert/vbn
---
2013/12/25 23:14:37 [error] [exception.CHttpException.400] exception 'CHttpException' with message 'Некорректный запрос.' in Z:\home\eshop\framework\web\CController.php:336
Stack trace:
#0 Z:\home\eshop\framework\web\CController.php(309): CController->invalidActionParams(Object(CInlineAction))
#1 Z:\home\eshop\framework\web\CController.php(286): CController->runAction(Object(CInlineAction))
#2 Z:\home\eshop\framework\web\CController.php(265): CController->runActionWithFilters(Object(CInlineAction), Array)
#3 Z:\home\eshop\framework\web\CWebApplication.php(282): CController->run('index')
#4 Z:\home\eshop\framework\web\CWebApplication.php(141): CWebApplication->runController('site/index')
#5 Z:\home\eshop\framework\base\CApplication.php(180): CWebApplication->processRequest()
#6 Z:\home\eshop\www\index.php(13): CApplication->run()
#7 {main}
REQUEST_URI=/qwe/asd/ert/vbn
---
2013/12/25 23:14:37 [error] [exception.CHttpException.400] exception 'CHttpException' with message 'Некорректный запрос.' in Z:\home\eshop\framework\web\CController.php:336
Stack trace:
#0 Z:\home\eshop\framework\web\CController.php(309): CController->invalidActionParams(Object(CInlineAction))
#1 Z:\home\eshop\framework\web\CController.php(286): CController->runAction(Object(CInlineAction))
#2 Z:\home\eshop\framework\web\CController.php(265): CController->runActionWithFilters(Object(CInlineAction), Array)
#3 Z:\home\eshop\framework\web\CWebApplication.php(282): CController->run('index')
#4 Z:\home\eshop\framework\web\CWebApplication.php(141): CWebApplication->runController('site/index')
#5 Z:\home\eshop\framework\base\CApplication.php(180): CWebApplication->processRequest()
#6 Z:\home\eshop\www\index.php(13): CApplication->run()
#7 {main}
REQUEST_URI=/qwe/asd/ert/vbn
---
2013/12/25 23:14:47 [error] [exception.CHttpException.400] exception 'CHttpException' with message 'Некорректный запрос.' in Z:\home\eshop\framework\web\CController.php:336
Stack trace:
#0 Z:\home\eshop\framework\web\CController.php(309): CController->invalidActionParams(Object(CInlineAction))
#1 Z:\home\eshop\framework\web\CController.php(286): CController->runAction(Object(CInlineAction))
#2 Z:\home\eshop\framework\web\CController.php(265): CController->runActionWithFilters(Object(CInlineAction), Array)
#3 Z:\home\eshop\framework\web\CWebApplication.php(282): CController->run('index')
#4 Z:\home\eshop\framework\web\CWebApplication.php(141): CWebApplication->runController('site/index')
#5 Z:\home\eshop\framework\base\CApplication.php(180): CWebApplication->processRequest()
#6 Z:\home\eshop\www\index.php(13): CApplication->run()
#7 {main}
REQUEST_URI=/qwe/asd/ert/vbn
---
2013/12/25 23:14:49 [error] [exception.CHttpException.400] exception 'CHttpException' with message 'Некорректный запрос.' in Z:\home\eshop\framework\web\CController.php:336
Stack trace:
#0 Z:\home\eshop\framework\web\CController.php(309): CController->invalidActionParams(Object(CInlineAction))
#1 Z:\home\eshop\framework\web\CController.php(286): CController->runAction(Object(CInlineAction))
#2 Z:\home\eshop\framework\web\CController.php(265): CController->runActionWithFilters(Object(CInlineAction), Array)
#3 Z:\home\eshop\framework\web\CWebApplication.php(282): CController->run('index')
#4 Z:\home\eshop\framework\web\CWebApplication.php(141): CWebApplication->runController('site/index')
#5 Z:\home\eshop\framework\base\CApplication.php(180): CWebApplication->processRequest()
#6 Z:\home\eshop\www\index.php(13): CApplication->run()
#7 {main}
REQUEST_URI=/qwe/asd/ert/vbn
---
2013/12/25 23:14:49 [error] [exception.CHttpException.400] exception 'CHttpException' with message 'Некорректный запрос.' in Z:\home\eshop\framework\web\CController.php:336
Stack trace:
#0 Z:\home\eshop\framework\web\CController.php(309): CController->invalidActionParams(Object(CInlineAction))
#1 Z:\home\eshop\framework\web\CController.php(286): CController->runAction(Object(CInlineAction))
#2 Z:\home\eshop\framework\web\CController.php(265): CController->runActionWithFilters(Object(CInlineAction), Array)
#3 Z:\home\eshop\framework\web\CWebApplication.php(282): CController->run('index')
#4 Z:\home\eshop\framework\web\CWebApplication.php(141): CWebApplication->runController('site/index')
#5 Z:\home\eshop\framework\base\CApplication.php(180): CWebApplication->processRequest()
#6 Z:\home\eshop\www\index.php(13): CApplication->run()
#7 {main}
REQUEST_URI=/qwe/asd/ert/vbn
---
2013/12/25 23:14:58 [error] [exception.CHttpException.400] exception 'CHttpException' with message 'Некорректный запрос.' in Z:\home\eshop\framework\web\CController.php:336
Stack trace:
#0 Z:\home\eshop\framework\web\CController.php(309): CController->invalidActionParams(Object(CInlineAction))
#1 Z:\home\eshop\framework\web\CController.php(286): CController->runAction(Object(CInlineAction))
#2 Z:\home\eshop\framework\web\CController.php(265): CController->runActionWithFilters(Object(CInlineAction), Array)
#3 Z:\home\eshop\framework\web\CWebApplication.php(282): CController->run('index')
#4 Z:\home\eshop\framework\web\CWebApplication.php(141): CWebApplication->runController('site/index')
#5 Z:\home\eshop\framework\base\CApplication.php(180): CWebApplication->processRequest()
#6 Z:\home\eshop\www\index.php(13): CApplication->run()
#7 {main}
REQUEST_URI=/qwe/asd/ert/vbn
---
2013/12/25 23:15:08 [error] [exception.CHttpException.400] exception 'CHttpException' with message 'Некорректный запрос.' in Z:\home\eshop\framework\web\CController.php:336
Stack trace:
#0 Z:\home\eshop\framework\web\CController.php(309): CController->invalidActionParams(Object(CInlineAction))
#1 Z:\home\eshop\framework\web\CController.php(286): CController->runAction(Object(CInlineAction))
#2 Z:\home\eshop\framework\web\CController.php(265): CController->runActionWithFilters(Object(CInlineAction), Array)
#3 Z:\home\eshop\framework\web\CWebApplication.php(282): CController->run('index')
#4 Z:\home\eshop\framework\web\CWebApplication.php(141): CWebApplication->runController('site/index')
#5 Z:\home\eshop\framework\base\CApplication.php(180): CWebApplication->processRequest()
#6 Z:\home\eshop\www\index.php(13): CApplication->run()
#7 {main}
REQUEST_URI=/qwe/asd/ert/vbn
---
2013/12/25 23:15:08 [error] [exception.CHttpException.400] exception 'CHttpException' with message 'Некорректный запрос.' in Z:\home\eshop\framework\web\CController.php:336
Stack trace:
#0 Z:\home\eshop\framework\web\CController.php(309): CController->invalidActionParams(Object(CInlineAction))
#1 Z:\home\eshop\framework\web\CController.php(286): CController->runAction(Object(CInlineAction))
#2 Z:\home\eshop\framework\web\CController.php(265): CController->runActionWithFilters(Object(CInlineAction), Array)
#3 Z:\home\eshop\framework\web\CWebApplication.php(282): CController->run('index')
#4 Z:\home\eshop\framework\web\CWebApplication.php(141): CWebApplication->runController('site/index')
#5 Z:\home\eshop\framework\base\CApplication.php(180): CWebApplication->processRequest()
#6 Z:\home\eshop\www\index.php(13): CApplication->run()
#7 {main}
REQUEST_URI=/qwe/asd/ert/vbn
---
2013/12/25 23:15:22 [error] [exception.CHttpException.400] exception 'CHttpException' with message 'Некорректный запрос.' in Z:\home\eshop\framework\web\CController.php:336
Stack trace:
#0 Z:\home\eshop\framework\web\CController.php(309): CController->invalidActionParams(Object(CInlineAction))
#1 Z:\home\eshop\framework\web\CController.php(286): CController->runAction(Object(CInlineAction))
#2 Z:\home\eshop\framework\web\CController.php(265): CController->runActionWithFilters(Object(CInlineAction), Array)
#3 Z:\home\eshop\framework\web\CWebApplication.php(282): CController->run('index')
#4 Z:\home\eshop\framework\web\CWebApplication.php(141): CWebApplication->runController('site/index')
#5 Z:\home\eshop\framework\base\CApplication.php(180): CWebApplication->processRequest()
#6 Z:\home\eshop\www\index.php(13): CApplication->run()
#7 {main}
REQUEST_URI=/qwe/asd/ert/vbn
---
2013/12/25 23:18:48 [error] [exception.CHttpException.400] exception 'CHttpException' with message 'Некорректный запрос.' in Z:\home\eshop\framework\web\CController.php:336
Stack trace:
#0 Z:\home\eshop\framework\web\CController.php(309): CController->invalidActionParams(Object(CInlineAction))
#1 Z:\home\eshop\framework\web\CController.php(286): CController->runAction(Object(CInlineAction))
#2 Z:\home\eshop\framework\web\CController.php(265): CController->runActionWithFilters(Object(CInlineAction), Array)
#3 Z:\home\eshop\framework\web\CWebApplication.php(282): CController->run('index')
#4 Z:\home\eshop\framework\web\CWebApplication.php(141): CWebApplication->runController('site/index')
#5 Z:\home\eshop\framework\base\CApplication.php(180): CWebApplication->processRequest()
#6 Z:\home\eshop\www\index.php(13): CApplication->run()
#7 {main}
REQUEST_URI=/qwe/asd/ert/vbn
---
2013/12/25 23:38:53 [error] [exception.CHttpException.400] exception 'CHttpException' with message 'Некорректный запрос.' in Z:\home\eshop\framework\web\CController.php:336
Stack trace:
#0 Z:\home\eshop\framework\web\CController.php(309): CController->invalidActionParams(Object(CInlineAction))
#1 Z:\home\eshop\framework\web\CController.php(286): CController->runAction(Object(CInlineAction))
#2 Z:\home\eshop\framework\web\CController.php(265): CController->runActionWithFilters(Object(CInlineAction), Array)
#3 Z:\home\eshop\framework\web\CWebApplication.php(282): CController->run('index')
#4 Z:\home\eshop\framework\web\CWebApplication.php(141): CWebApplication->runController('site/index')
#5 Z:\home\eshop\framework\base\CApplication.php(180): CWebApplication->processRequest()
#6 Z:\home\eshop\www\index.php(13): CApplication->run()
#7 {main}
REQUEST_URI=/massazhnyye-kresla/massazhnoye-kreslo-yamaguchi-ya-6000-axiom
---
2013/12/25 23:39:59 [error] [exception.CHttpException.404] exception 'CHttpException' with message 'Невозможно обработать запрос "massazhnyye-kresla/massazhnoye-kreslo-yamaguchi-ya-6000-axioma".' in Z:\home\eshop\framework\web\CWebApplication.php:286
Stack trace:
#0 Z:\home\eshop\framework\web\CWebApplication.php(141): CWebApplication->runController('massazhnyye-kre...')
#1 Z:\home\eshop\framework\base\CApplication.php(180): CWebApplication->processRequest()
#2 Z:\home\eshop\www\index.php(13): CApplication->run()
#3 {main}
REQUEST_URI=/massazhnyye-kresla/massazhnoye-kreslo-yamaguchi-ya-6000-axioma
---
2013/12/25 23:40:05 [error] [exception.CHttpException.404] exception 'CHttpException' with message 'Невозможно обработать запрос "massazhnyye-kresla/massazhnoye-kreslo-yamaguchi-ya-6000-axioma".' in Z:\home\eshop\framework\web\CWebApplication.php:286
Stack trace:
#0 Z:\home\eshop\framework\web\CWebApplication.php(141): CWebApplication->runController('massazhnyye-kre...')
#1 Z:\home\eshop\framework\base\CApplication.php(180): CWebApplication->processRequest()
#2 Z:\home\eshop\www\index.php(13): CApplication->run()
#3 {main}
REQUEST_URI=/massazhnyye-kresla/massazhnoye-kreslo-yamaguchi-ya-6000-axioma
---
2013/12/25 23:40:33 [error] [exception.CHttpException.400] exception 'CHttpException' with message 'Некорректный запрос.' in Z:\home\eshop\framework\web\CController.php:336
Stack trace:
#0 Z:\home\eshop\framework\web\CController.php(309): CController->invalidActionParams(Object(CInlineAction))
#1 Z:\home\eshop\framework\web\CController.php(286): CController->runAction(Object(CInlineAction))
#2 Z:\home\eshop\framework\web\CController.php(265): CController->runActionWithFilters(Object(CInlineAction), Array)
#3 Z:\home\eshop\framework\web\CWebApplication.php(282): CController->run('index')
#4 Z:\home\eshop\framework\web\CWebApplication.php(141): CWebApplication->runController('site/index')
#5 Z:\home\eshop\framework\base\CApplication.php(180): CWebApplication->processRequest()
#6 Z:\home\eshop\www\index.php(13): CApplication->run()
#7 {main}
REQUEST_URI=/
---
2013/12/25 23:40:37 [error] [exception.CHttpException.400] exception 'CHttpException' with message 'Некорректный запрос.' in Z:\home\eshop\framework\web\CController.php:336
Stack trace:
#0 Z:\home\eshop\framework\web\CController.php(309): CController->invalidActionParams(Object(CInlineAction))
#1 Z:\home\eshop\framework\web\CController.php(286): CController->runAction(Object(CInlineAction))
#2 Z:\home\eshop\framework\web\CController.php(265): CController->runActionWithFilters(Object(CInlineAction), Array)
#3 Z:\home\eshop\framework\web\CWebApplication.php(282): CController->run('index')
#4 Z:\home\eshop\framework\web\CWebApplication.php(141): CWebApplication->runController('site/index')
#5 Z:\home\eshop\framework\base\CApplication.php(180): CWebApplication->processRequest()
#6 Z:\home\eshop\www\index.php(13): CApplication->run()
#7 {main}
REQUEST_URI=/
---
2013/12/25 23:40:39 [error] [exception.CHttpException.400] exception 'CHttpException' with message 'Некорректный запрос.' in Z:\home\eshop\framework\web\CController.php:336
Stack trace:
#0 Z:\home\eshop\framework\web\CController.php(309): CController->invalidActionParams(Object(CInlineAction))
#1 Z:\home\eshop\framework\web\CController.php(286): CController->runAction(Object(CInlineAction))
#2 Z:\home\eshop\framework\web\CController.php(265): CController->runActionWithFilters(Object(CInlineAction), Array)
#3 Z:\home\eshop\framework\web\CWebApplication.php(282): CController->run('index')
#4 Z:\home\eshop\framework\web\CWebApplication.php(141): CWebApplication->runController('site/index')
#5 Z:\home\eshop\framework\base\CApplication.php(180): CWebApplication->processRequest()
#6 Z:\home\eshop\www\index.php(13): CApplication->run()
#7 {main}
REQUEST_URI=/
---
2013/12/25 23:40:42 [error] [exception.CHttpException.400] exception 'CHttpException' with message 'Некорректный запрос.' in Z:\home\eshop\framework\web\CController.php:336
Stack trace:
#0 Z:\home\eshop\framework\web\CController.php(309): CController->invalidActionParams(Object(CInlineAction))
#1 Z:\home\eshop\framework\web\CController.php(286): CController->runAction(Object(CInlineAction))
#2 Z:\home\eshop\framework\web\CController.php(265): CController->runActionWithFilters(Object(CInlineAction), Array)
#3 Z:\home\eshop\framework\web\CWebApplication.php(282): CController->run('index')
#4 Z:\home\eshop\framework\web\CWebApplication.php(141): CWebApplication->runController('site/index')
#5 Z:\home\eshop\framework\base\CApplication.php(180): CWebApplication->processRequest()
#6 Z:\home\eshop\www\index.php(13): CApplication->run()
#7 {main}
REQUEST_URI=/
---
2013/12/25 23:41:04 [error] [exception.CHttpException.400] exception 'CHttpException' with message 'Некорректный запрос.' in Z:\home\eshop\framework\web\CController.php:336
Stack trace:
#0 Z:\home\eshop\framework\web\CController.php(309): CController->invalidActionParams(Object(CInlineAction))
#1 Z:\home\eshop\framework\web\CController.php(286): CController->runAction(Object(CInlineAction))
#2 Z:\home\eshop\framework\web\CController.php(265): CController->runActionWithFilters(Object(CInlineAction), Array)
#3 Z:\home\eshop\framework\web\CWebApplication.php(282): CController->run('index')
#4 Z:\home\eshop\framework\web\CWebApplication.php(141): CWebApplication->runController('site/index')
#5 Z:\home\eshop\framework\base\CApplication.php(180): CWebApplication->processRequest()
#6 Z:\home\eshop\www\index.php(13): CApplication->run()
#7 {main}
REQUEST_URI=/
---
2013/12/25 23:41:05 [error] [exception.CHttpException.400] exception 'CHttpException' with message 'Некорректный запрос.' in Z:\home\eshop\framework\web\CController.php:336
Stack trace:
#0 Z:\home\eshop\framework\web\CController.php(309): CController->invalidActionParams(Object(CInlineAction))
#1 Z:\home\eshop\framework\web\CController.php(286): CController->runAction(Object(CInlineAction))
#2 Z:\home\eshop\framework\web\CController.php(265): CController->runActionWithFilters(Object(CInlineAction), Array)
#3 Z:\home\eshop\framework\web\CWebApplication.php(282): CController->run('index')
#4 Z:\home\eshop\framework\web\CWebApplication.php(141): CWebApplication->runController('site/index')
#5 Z:\home\eshop\framework\base\CApplication.php(180): CWebApplication->processRequest()
#6 Z:\home\eshop\www\index.php(13): CApplication->run()
#7 {main}
REQUEST_URI=/
---
2013/12/25 23:41:21 [error] [exception.CHttpException.400] exception 'CHttpException' with message 'Некорректный запрос.' in Z:\home\eshop\framework\web\CController.php:336
Stack trace:
#0 Z:\home\eshop\framework\web\CController.php(309): CController->invalidActionParams(Object(CInlineAction))
#1 Z:\home\eshop\framework\web\CController.php(286): CController->runAction(Object(CInlineAction))
#2 Z:\home\eshop\framework\web\CController.php(265): CController->runActionWithFilters(Object(CInlineAction), Array)
#3 Z:\home\eshop\framework\web\CWebApplication.php(282): CController->run('index')
#4 Z:\home\eshop\framework\web\CWebApplication.php(141): CWebApplication->runController('site/index')
#5 Z:\home\eshop\framework\base\CApplication.php(180): CWebApplication->processRequest()
#6 Z:\home\eshop\www\index.php(13): CApplication->run()
#7 {main}
REQUEST_URI=/
---
2013/12/25 23:45:31 [error] [exception.CHttpException.404] exception 'CHttpException' with message 'Невозможно обработать запрос "massazhnyye-kresla/massazhnoye-kreslo-yamaguchi-ya-6000-axioma".' in Z:\home\eshop\framework\web\CWebApplication.php:286
Stack trace:
#0 Z:\home\eshop\framework\web\CWebApplication.php(141): CWebApplication->runController('massazhnyye-kre...')
#1 Z:\home\eshop\framework\base\CApplication.php(180): CWebApplication->processRequest()
#2 Z:\home\eshop\www\index.php(13): CApplication->run()
#3 {main}
REQUEST_URI=/massazhnyye-kresla/massazhnoye-kreslo-yamaguchi-ya-6000-axioma
---
2013/12/25 23:46:31 [error] [exception.CException] exception 'CException' with message 'Контроллер SiteController не может найти представление "view".' in Z:\home\eshop\framework\web\CController.php:878
Stack trace:
#0 Z:\home\eshop\framework\web\CController.php(782): CController->renderPartial('view', NULL, true)
#1 Z:\home\eshop\www\protected\controllers\SiteController.php(48): CController->render('view')
#2 [internal function]: SiteController->actionCategory('product', '1')
#3 Z:\home\eshop\framework\web\actions\CAction.php(108): ReflectionMethod->invokeArgs(Object(SiteController), Array)
#4 Z:\home\eshop\framework\web\actions\CInlineAction.php(47): CAction->runWithParamsInternal(Object(SiteController), Object(ReflectionMethod), Array)
#5 Z:\home\eshop\framework\web\CController.php(308): CInlineAction->runWithParams(Array)
#6 Z:\home\eshop\framework\web\CController.php(286): CController->runAction(Object(CInlineAction))
#7 Z:\home\eshop\framework\web\CController.php(265): CController->runActionWithFilters(Object(CInlineAction), Array)
#8 Z:\home\eshop\framework\web\CWebApplication.php(282): CController->run('category')
#9 Z:\home\eshop\framework\web\CWebApplication.php(141): CWebApplication->runController('site/category')
#10 Z:\home\eshop\framework\base\CApplication.php(180): CWebApplication->processRequest()
#11 Z:\home\eshop\www\index.php(13): CApplication->run()
#12 {main}
REQUEST_URI=/massazhnyye-kresla/massazhnoye-kreslo-yamaguchi-ya-6000-axiom
---
2013/12/25 23:47:46 [error] [exception.CHttpException.404] exception 'CHttpException' with message 'Невозможно обработать запрос "massazhnyye-kresla/massazhnoye-kreslo-yamaguchi-ya-6000-axioma".' in Z:\home\eshop\framework\web\CWebApplication.php:286
Stack trace:
#0 Z:\home\eshop\framework\web\CWebApplication.php(141): CWebApplication->runController('massazhnyye-kre...')
#1 Z:\home\eshop\framework\base\CApplication.php(180): CWebApplication->processRequest()
#2 Z:\home\eshop\www\index.php(13): CApplication->run()
#3 {main}
REQUEST_URI=/massazhnyye-kresla/massazhnoye-kreslo-yamaguchi-ya-6000-axioma
---
2013/12/25 23:49:54 [error] [exception.CHttpException.404] exception 'CHttpException' with message 'Невозможно обработать запрос "gii/index".' in Z:\home\eshop\framework\web\CWebApplication.php:286
Stack trace:
#0 Z:\home\eshop\framework\web\CWebApplication.php(141): CWebApplication->runController('gii/index')
#1 Z:\home\eshop\framework\base\CApplication.php(180): CWebApplication->processRequest()
#2 Z:\home\eshop\www\index.php(13): CApplication->run()
#3 {main}
REQUEST_URI=/gii/index
---
2013/12/25 23:51:01 [error] [exception.CHttpException.404] exception 'CHttpException' with message 'Невозможно обработать запрос "gii/index".' in Z:\home\eshop\framework\web\CWebApplication.php:286
Stack trace:
#0 Z:\home\eshop\framework\web\CWebApplication.php(141): CWebApplication->runController('gii/index')
#1 Z:\home\eshop\framework\base\CApplication.php(180): CWebApplication->processRequest()
#2 Z:\home\eshop\www\index.php(13): CApplication->run()
#3 {main}
REQUEST_URI=/gii/index
---
2013/12/25 23:51:16 [error] [exception.CHttpException.404] exception 'CHttpException' with message 'Невозможно обработать запрос "massazhnyye-kresla/massazhnoye-kreslo-yamaguchi-ya-6000-axioma".' in Z:\home\eshop\framework\web\CWebApplication.php:286
Stack trace:
#0 Z:\home\eshop\framework\web\CWebApplication.php(141): CWebApplication->runController('massazhnyye-kre...')
#1 Z:\home\eshop\framework\base\CApplication.php(180): CWebApplication->processRequest()
#2 Z:\home\eshop\www\index.php(13): CApplication->run()
#3 {main}
REQUEST_URI=/massazhnyye-kresla/massazhnoye-kreslo-yamaguchi-ya-6000-axioma
---
2013/12/25 23:51:38 [error] [exception.CHttpException.404] exception 'CHttpException' with message 'Невозможно обработать запрос "massazhnyye-kresla/massazhnoye-kreslo-yamaguchi-ya-6000-axioma".' in Z:\home\eshop\framework\web\CWebApplication.php:286
Stack trace:
#0 Z:\home\eshop\framework\web\CWebApplication.php(141): CWebApplication->runController('massazhnyye-kre...')
#1 Z:\home\eshop\framework\base\CApplication.php(180): CWebApplication->processRequest()
#2 Z:\home\eshop\www\index.php(13): CApplication->run()
#3 {main}
REQUEST_URI=/massazhnyye-kresla/massazhnoye-kreslo-yamaguchi-ya-6000-axioma
---
2013/12/25 23:51:48 [error] [exception.CHttpException.404] exception 'CHttpException' with message 'Невозможно обработать запрос "massazhnyye-kresla/massazhnoye-kreslo-yamaguchi-ya-6000-axioma".' in Z:\home\eshop\framework\web\CWebApplication.php:286
Stack trace:
#0 Z:\home\eshop\framework\web\CWebApplication.php(141): CWebApplication->runController('massazhnyye-kre...')
#1 Z:\home\eshop\framework\base\CApplication.php(180): CWebApplication->processRequest()
#2 Z:\home\eshop\www\index.php(13): CApplication->run()
#3 {main}
REQUEST_URI=/massazhnyye-kresla/massazhnoye-kreslo-yamaguchi-ya-6000-axioma
---
2013/12/25 23:52:15 [error] [exception.CHttpException.404] exception 'CHttpException' with message 'Невозможно обработать запрос "massazhnyye-kresla/massazhnoye-kreslo-yamaguchi-ya-6000-axioma".' in Z:\home\eshop\framework\web\CWebApplication.php:286
Stack trace:
#0 Z:\home\eshop\framework\web\CWebApplication.php(141): CWebApplication->runController('massazhnyye-kre...')
#1 Z:\home\eshop\framework\base\CApplication.php(180): CWebApplication->processRequest()
#2 Z:\home\eshop\www\index.php(13): CApplication->run()
#3 {main}
REQUEST_URI=/massazhnyye-kresla/massazhnoye-kreslo-yamaguchi-ya-6000-axioma
---
2013/12/25 23:52:21 [error] [exception.CHttpException.404] exception 'CHttpException' with message 'Невозможно обработать запрос "massazhnyye-kresla/massazhnoye-kreslo-yamaguchi-ya-6000-axioma".' in Z:\home\eshop\framework\web\CWebApplication.php:286
Stack trace:
#0 Z:\home\eshop\framework\web\CWebApplication.php(141): CWebApplication->runController('massazhnyye-kre...')
#1 Z:\home\eshop\framework\base\CApplication.php(180): CWebApplication->processRequest()
#2 Z:\home\eshop\www\index.php(13): CApplication->run()
#3 {main}
REQUEST_URI=/massazhnyye-kresla/massazhnoye-kreslo-yamaguchi-ya-6000-axioma
---
2013/12/25 23:52:23 [error] [exception.CHttpException.404] exception 'CHttpException' with message 'Невозможно обработать запрос "massazhnyye-kresla/massazhnoye-kreslo-yamaguchi-ya-6000-axioma".' in Z:\home\eshop\framework\web\CWebApplication.php:286
Stack trace:
#0 Z:\home\eshop\framework\web\CWebApplication.php(141): CWebApplication->runController('massazhnyye-kre...')
#1 Z:\home\eshop\framework\base\CApplication.php(180): CWebApplication->processRequest()
#2 Z:\home\eshop\www\index.php(13): CApplication->run()
#3 {main}
REQUEST_URI=/massazhnyye-kresla/massazhnoye-kreslo-yamaguchi-ya-6000-axioma
---
2013/12/25 23:52:26 [error] [exception.CHttpException.404] exception 'CHttpException' with message 'Невозможно обработать запрос "massazhnyye-kresla/massazhnoye-kreslo-yamaguchi-ya-6000-axioma".' in Z:\home\eshop\framework\web\CWebApplication.php:286
Stack trace:
#0 Z:\home\eshop\framework\web\CWebApplication.php(141): CWebApplication->runController('massazhnyye-kre...')
#1 Z:\home\eshop\framework\base\CApplication.php(180): CWebApplication->processRequest()
#2 Z:\home\eshop\www\index.php(13): CApplication->run()
#3 {main}
REQUEST_URI=/massazhnyye-kresla/massazhnoye-kreslo-yamaguchi-ya-6000-axioma
---
2013/12/25 23:52:32 [error] [exception.CHttpException.404] exception 'CHttpException' with message 'Невозможно обработать запрос "qwe/asd/ert".' in Z:\home\eshop\framework\web\CWebApplication.php:286
Stack trace:
#0 Z:\home\eshop\framework\web\CWebApplication.php(141): CWebApplication->runController('qwe/asd/ert')
#1 Z:\home\eshop\framework\base\CApplication.php(180): CWebApplication->processRequest()
#2 Z:\home\eshop\www\index.php(13): CApplication->run()
#3 {main}
REQUEST_URI=/qwe/asd/ert
---
2013/12/25 23:52:43 [error] [exception.CHttpException.404] exception 'CHttpException' with message 'Невозможно обработать запрос "qwe/asd".' in Z:\home\eshop\framework\web\CWebApplication.php:286
Stack trace:
#0 Z:\home\eshop\framework\web\CWebApplication.php(141): CWebApplication->runController('qwe/asd')
#1 Z:\home\eshop\framework\base\CApplication.php(180): CWebApplication->processRequest()
#2 Z:\home\eshop\www\index.php(13): CApplication->run()
#3 {main}
REQUEST_URI=/qwe/asd
---
2013/12/25 23:52:45 [error] [exception.CHttpException.404] exception 'CHttpException' with message 'Невозможно обработать запрос "qwe/asd".' in Z:\home\eshop\framework\web\CWebApplication.php:286
Stack trace:
#0 Z:\home\eshop\framework\web\CWebApplication.php(141): CWebApplication->runController('qwe/asd')
#1 Z:\home\eshop\framework\base\CApplication.php(180): CWebApplication->processRequest()
#2 Z:\home\eshop\www\index.php(13): CApplication->run()
#3 {main}
REQUEST_URI=/qwe/asd/
---
2013/12/25 23:52:46 [error] [exception.CHttpException.404] exception 'CHttpException' with message 'Невозможно обработать запрос "qwe/asd/qwe".' in Z:\home\eshop\framework\web\CWebApplication.php:286
Stack trace:
#0 Z:\home\eshop\framework\web\CWebApplication.php(141): CWebApplication->runController('qwe/asd/qwe')
#1 Z:\home\eshop\framework\base\CApplication.php(180): CWebApplication->processRequest()
#2 Z:\home\eshop\www\index.php(13): CApplication->run()
#3 {main}
REQUEST_URI=/qwe/asd/qwe
---
2013/12/25 23:52:46 [error] [exception.CHttpException.404] exception 'CHttpException' with message 'Невозможно обработать запрос "qwe/asd".' in Z:\home\eshop\framework\web\CWebApplication.php:286
Stack trace:
#0 Z:\home\eshop\framework\web\CWebApplication.php(141): CWebApplication->runController('qwe/asd')
#1 Z:\home\eshop\framework\base\CApplication.php(180): CWebApplication->processRequest()
#2 Z:\home\eshop\www\index.php(13): CApplication->run()
#3 {main}
REQUEST_URI=/qwe/asd/
---
2013/12/25 23:52:47 [error] [exception.CHttpException.404] exception 'CHttpException' with message 'Невозможно обработать запрос "qwe/asd".' in Z:\home\eshop\framework\web\CWebApplication.php:286
Stack trace:
#0 Z:\home\eshop\framework\web\CWebApplication.php(141): CWebApplication->runController('qwe/asd')
#1 Z:\home\eshop\framework\base\CApplication.php(180): CWebApplication->processRequest()
#2 Z:\home\eshop\www\index.php(13): CApplication->run()
#3 {main}
REQUEST_URI=/qwe/asd
---
2013/12/25 23:52:58 [error] [exception.CHttpException.404] exception 'CHttpException' with message 'Невозможно обработать запрос "page".' in Z:\home\eshop\framework\web\CWebApplication.php:286
Stack trace:
#0 Z:\home\eshop\framework\web\CWebApplication.php(141): CWebApplication->runController('page')
#1 Z:\home\eshop\framework\base\CApplication.php(180): CWebApplication->processRequest()
#2 Z:\home\eshop\www\index.php(13): CApplication->run()
#3 {main}
REQUEST_URI=/page
---
2013/12/25 23:53:11 [error] [exception.CHttpException.404] exception 'CHttpException' with message 'Невозможно обработать запрос "assets/b8a5ac11/contents.css".' in Z:\home\eshop\framework\web\CWebApplication.php:286
Stack trace:
#0 Z:\home\eshop\framework\web\CWebApplication.php(141): CWebApplication->runController('assets/b8a5ac11...')
#1 Z:\home\eshop\framework\base\CApplication.php(180): CWebApplication->processRequest()
#2 Z:\home\eshop\www\index.php(13): CApplication->run()
#3 {main}
REQUEST_URI=/assets/b8a5ac11/contents.css
---
2013/12/25 23:55:17 [error] [exception.CHttpException.404] exception 'CHttpException' with message 'Невозможно обработать запрос "dostavkaa".' in Z:\home\eshop\framework\web\CWebApplication.php:286
Stack trace:
#0 Z:\home\eshop\framework\web\CWebApplication.php(141): CWebApplication->runController('dostavkaa')
#1 Z:\home\eshop\framework\base\CApplication.php(180): CWebApplication->processRequest()
#2 Z:\home\eshop\www\index.php(13): CApplication->run()
#3 {main}
REQUEST_URI=/dostavkaa
---
2013/12/26 00:01:30 [error] [exception.CException] exception 'CException' with message 'Не определено свойство "Product.content".' in Z:\home\eshop\framework\base\CComponent.php:130
Stack trace:
#0 Z:\home\eshop\framework\db\ar\CActiveRecord.php(145): CComponent->__get('content')
#1 Z:\home\eshop\www\protected\controllers\SiteController.php(43): CActiveRecord->__get('content')
#2 [internal function]: SiteController->actionCategory('product', '1')
#3 Z:\home\eshop\framework\web\actions\CAction.php(108): ReflectionMethod->invokeArgs(Object(SiteController), Array)
#4 Z:\home\eshop\framework\web\actions\CInlineAction.php(47): CAction->runWithParamsInternal(Object(SiteController), Object(ReflectionMethod), Array)
#5 Z:\home\eshop\framework\web\CController.php(308): CInlineAction->runWithParams(Array)
#6 Z:\home\eshop\framework\web\CController.php(286): CController->runAction(Object(CInlineAction))
#7 Z:\home\eshop\framework\web\CController.php(265): CController->runActionWithFilters(Object(CInlineAction), Array)
#8 Z:\home\eshop\framework\web\CWebApplication.php(282): CController->run('category')
#9 Z:\home\eshop\framework\web\CWebApplication.php(141): CWebApplication->runController('site/category')
#10 Z:\home\eshop\framework\base\CApplication.php(180): CWebApplication->processRequest()
#11 Z:\home\eshop\www\index.php(13): CApplication->run()
#12 {main}
REQUEST_URI=/massazhnyye-kresla/massazhnoye-kreslo-yamaguchi-ya-6000-axiom
---
2013/12/26 00:11:05 [error] [exception.CHttpException.404] exception 'CHttpException' with message 'Невозможно обработать запрос "assets/b8a5ac11/contents.css".' in Z:\home\eshop\framework\web\CWebApplication.php:286
Stack trace:
#0 Z:\home\eshop\framework\web\CWebApplication.php(141): CWebApplication->runController('assets/b8a5ac11...')
#1 Z:\home\eshop\framework\base\CApplication.php(180): CWebApplication->processRequest()
#2 Z:\home\eshop\www\index.php(13): CApplication->run()
#3 {main}
REQUEST_URI=/assets/b8a5ac11/contents.css
---
2013/12/26 00:11:19 [error] [exception.CHttpException.404] exception 'CHttpException' with message 'Невозможно обработать запрос "assets/b8a5ac11/contents.css".' in Z:\home\eshop\framework\web\CWebApplication.php:286
Stack trace:
#0 Z:\home\eshop\framework\web\CWebApplication.php(141): CWebApplication->runController('assets/b8a5ac11...')
#1 Z:\home\eshop\framework\base\CApplication.php(180): CWebApplication->processRequest()
#2 Z:\home\eshop\www\index.php(13): CApplication->run()
#3 {main}
REQUEST_URI=/assets/b8a5ac11/contents.css
---
